rate4site properly specified at './rate4site.exe'.


Input FASTA from file cd00423-mod.fasta
Number of columns in the alignment (== length of first sequence including gaps) = 1394
Number of rows in the alignment = 33

Partitioning the input alignment into 2 subfamilies.
    Subfamily 1 consists of 25 rows; only columns with at most 20% gaps (<= 5) are analyzed.
    Subfamily 2 consists of 8 rows; only columns with at most 20% gaps (<= 1) are analyzed.

Speer scoring term weights:
  Relative entropy term weight (-wRE)         = 1
  Evolutionary distance term weight (-wEDist) = 1
  Evolutionary rate term weight (-wERate)     = 1




Fasta for subfamily 1 written to temporary file /tmp/TKoVE0 (it will be removed when SPEER terminates normally).
Running 'rate4Site' for subfamily 0 (please wait; this may take a while...)
    ... 'rate4Site' has finished for subfamily 0.

Fasta for subfamily 2 written to temporary file /tmp/5jG4SX (it will be removed when SPEER terminates normally).
Running 'rate4Site' for subfamily 2 (please wait; this may take a while...)
    ... 'rate4Site' has finished for subfamily 2.

#                  SPEER Results
#====================================================
# Column     %ID       Score      Z-score     P-value
#====================================================

429          7.6      -1.964      -0.835       0.798
430         11.7      -1.291      -0.549       0.709
431          9.1      -2.101      -0.893       0.814
432          6.4      -2.420      -1.029       0.848
433          7.4      -1.915      -0.814       0.792
434          5.3      -2.318      -0.986       0.838
435          6.1      -2.425      -1.031       0.849
436          6.2      -3.129      -1.330       0.908
437          7.8      -2.848      -1.211       0.887
438          5.9      -2.488      -1.058       0.855
439          4.5      -2.278      -0.968       0.834
440          7.6      -2.680      -1.139       0.873
441          6.4      -3.225      -1.371       0.915
442          7.8      -2.030      -0.863       0.806
443         14.8       1.590       0.676       0.250
444          8.0      -0.313      -0.133       0.553
445         25.6      -0.407      -0.173       0.569
446         43.8       4.838       2.057       0.020
447         73.5       1.130       0.481       0.315
448         41.1       5.807       2.469       0.007
450         34.3      -1.523      -0.647       0.741
451         93.9       1.331       0.566       0.286
452         29.7      -0.773      -0.329       0.629
453         57.4      -1.497      -0.636       0.738
454         33.5       3.234       1.375       0.085
455         51.9       5.316       2.260       0.012
456         53.4       1.881       0.799       0.212
457         45.3       2.655       1.129       0.129
458         32.8       1.828       0.777       0.219
459         41.5       2.280       0.969       0.166
462         31.2       3.135       1.333       0.091
463          5.5      -4.451      -1.892       0.971
464         11.2       0.021       0.009       0.496
465          8.1      -0.962      -0.409       0.659
466         20.6      -0.058      -0.025       0.510
467         12.3      -2.060      -0.876       0.809
468         15.0      -2.791      -1.187       0.882
469         11.2      -4.293      -1.825       0.966
470         53.4      -1.845      -0.785       0.784
471         26.9      -2.041      -0.868       0.807
472         11.9      -3.367      -1.431       0.924
473          8.9       0.935       0.397       0.346
474         50.9       1.144       0.486       0.313
475         18.0      -0.406      -0.173       0.569
476          8.3      -3.106      -1.321       0.907
477         27.1       5.650       2.402       0.008
478         17.8      -0.286      -0.122       0.548
479         11.0      -2.583      -1.098       0.864
480         18.0      -1.996      -0.848       0.802
481         93.9       1.119       0.476       0.317
482         76.9       1.027       0.437       0.331
483         13.3       0.927       0.394       0.347
484         43.4      -1.982      -0.843       0.800
485         41.1       1.389       0.590       0.277
486        100.0       3.866       1.643       0.050
487         34.3      -1.459      -0.620       0.733
488         59.7       4.726       2.009       0.022
489         30.1       3.079       1.309       0.095
490         19.9       1.852       0.787       0.216
491         37.7       0.512       0.218       0.414
492         36.6       0.045       0.019       0.492
510          9.3      -1.241      -0.528       0.701
511         12.3       0.161       0.068       0.473
512         28.0       2.498       1.062       0.144
513         58.7       1.644       0.699       0.242
514         16.1      -0.641      -0.273       0.607
515         10.6      -3.581      -1.522       0.936
516         54.7       4.702       1.999       0.023
517         30.9       3.883       1.651       0.049
518         13.3      -1.947      -0.828       0.796
519         48.9       1.058       0.450       0.326
520         27.8       1.766       0.751       0.226
521         27.5      -1.998      -0.849       0.802
522         11.6      -1.835      -0.780       0.782
523         16.9      -1.708      -0.726       0.766
524         34.3      -1.776      -0.755       0.775
525         17.4      -0.410      -0.174       0.569
526         10.0      -2.555      -1.086       0.861
527          9.3      -2.309      -0.982       0.837
534         11.7      -0.028      -0.012       0.505
535         21.4      -0.342      -0.145       0.558
536         21.8      -0.324      -0.138       0.555
537         34.1      -1.034      -0.440       0.670
538         59.3       5.871       2.496       0.006
539         32.6      -1.188      -0.505       0.693
540        100.0       3.866       1.643       0.050
541         52.3       4.955       2.107       0.018
542         15.2       2.358       1.003       0.158
543         17.2      -0.840      -0.357       0.639
544         16.7      -0.358      -0.152       0.561
545         19.7      -2.867      -1.219       0.889
546         35.6      -1.436      -0.610       0.729
547         29.9       1.100       0.468       0.320
548         18.4      -0.188      -0.080       0.532
549         16.9      -1.117      -0.475       0.683
550         49.2       3.184       1.353       0.088
551         41.7       0.690       0.293       0.385
552         16.5      -1.797      -0.764       0.778
553         13.3      -2.152      -0.915       0.820
554         40.3       0.899       0.382       0.351
557         24.2       3.627       1.542       0.062
558         13.6       0.604       0.257       0.399
559         23.1      -0.467      -0.199       0.579
560         33.7      -1.401      -0.596       0.724
561         93.9       1.314       0.559       0.288
562         59.1       6.735       2.863       0.002
563         32.8      -1.149      -0.489       0.687
564         24.1       1.372       0.583       0.280
565         30.1       0.628       0.267       0.395
566         19.1       1.684       0.716       0.237
567          6.8      -0.361      -0.153       0.561
568          9.5       0.859       0.365       0.358
576         19.3      -1.730      -0.736       0.769
577         11.4      -1.153      -0.490       0.688
578         17.4      -0.318      -0.135       0.554
579         16.3      -2.394      -1.018       0.846
580         11.6      -3.507      -1.491       0.932
581         25.4      -0.498      -0.212       0.584
582         29.7      -1.376      -0.585       0.721
583         27.3      -0.471      -0.200       0.579
584         22.0      -1.608      -0.684       0.753
585         11.9      -1.548      -0.658       0.745
586         23.1       0.605       0.257       0.398
587         30.1       1.207       0.513       0.304
588         21.8       2.339       0.994       0.160
589         17.2      -1.018      -0.433       0.667
590         38.3       0.989       0.420       0.337
591         23.5      -0.470      -0.200       0.579
592         53.4      -0.501      -0.213       0.584
593         54.7       6.149       2.614       0.004
594         14.0       1.372       0.583       0.280
595         14.2       2.785       1.184       0.118
596         19.5       2.427       1.032       0.151
597          8.9      -2.113      -0.898       0.816
598         24.6       3.142       1.336       0.091
599          8.5      -1.194      -0.508       0.694
613         10.0      -0.054      -0.023       0.509
614         30.3      -1.086      -0.462       0.678
615         21.0       1.756       0.746       0.228
616         15.7      -2.136      -0.908       0.818
617         14.6      -1.606      -0.683       0.753
618         22.7      -1.158      -0.492       0.689
619         18.6       3.596       1.529       0.063
620          8.1      -3.608      -1.534       0.937
621         11.0      -2.128      -0.905       0.817
622         14.6       0.844       0.359       0.360
623         27.1       1.191       0.506       0.306
624          9.1      -5.600      -2.381       0.991
625         17.2       1.143       0.486       0.314
626         14.6       0.047       0.020       0.492
627         14.2       0.697       0.296       0.383
628         15.3      -3.179      -1.352       0.912
629          9.7      -4.661      -1.982       0.976
630         28.2      -1.139      -0.484       0.686
631          9.7      -1.322      -0.562       0.713
632         11.6      -1.572      -0.668       0.748
633         11.6      -2.139      -0.909       0.818
634         62.1      -1.282      -0.545       0.707
635         18.2       0.431       0.183       0.427
637         10.0      -1.305      -0.555       0.711
638         11.9      -2.379      -1.011       0.844
639         12.1      -2.124      -0.903       0.817
640         13.6       1.595       0.678       0.249
641         37.1      -0.368      -0.156       0.562
642         30.7      -1.633      -0.694       0.756
643         32.4       1.537       0.654       0.257
644        100.0       3.866       1.643       0.050
645         66.5      -1.942      -0.826       0.796
646         50.2       2.900       1.233       0.109
647         23.5      -0.744      -0.316       0.624
648         50.4       4.394       1.868       0.031
649         45.5       3.859       1.641       0.050
650         18.2       2.163       0.920       0.179
651         41.1       3.214       1.366       0.086
654         10.2      -0.379      -0.161       0.564
655         11.0       1.834       0.779       0.218
656         24.4       0.028       0.012       0.495
657         30.9      -0.643      -0.273       0.608
658         30.5      -1.627      -0.692       0.755
659         14.4      -2.702      -1.149       0.875
660          8.9      -1.929      -0.820       0.794
661         24.6       1.470       0.625       0.266
662         30.7      -3.288      -1.398       0.919
663         11.2      -1.636      -0.695       0.757
664         10.4       1.460       0.621       0.267
665         32.8      -0.120      -0.051       0.520
666          9.7      -3.982      -1.693       0.955
667         19.5       2.225       0.946       0.172
668         24.1       0.429       0.182       0.428
669         12.5      -1.283      -0.545       0.707
670          6.1      -4.493      -1.910       0.972
671         13.3      -0.693      -0.295       0.616
681         27.8      -1.831      -0.778       0.782
682          6.8      -1.810      -0.769       0.779
683         44.7       0.418       0.178       0.430
684         22.2      -1.279      -0.544       0.707
685         53.8       1.279       0.544       0.293
686         17.2      -0.126      -0.054       0.521
687         58.9      -1.399      -0.595       0.724
688         13.6      -0.361      -0.153       0.561
689         93.9       1.306       0.555       0.289
690         56.4       6.067       2.579       0.005
691         54.7       5.546       2.358       0.009
692         39.2       1.661       0.706       0.240
693         41.1      -0.967      -0.411       0.659
694         16.7       1.834       0.780       0.218
695         27.8       0.696       0.296       0.384
713         10.2      -2.997      -1.274       0.899
714         19.9      -1.899      -0.807       0.790
715          9.8      -2.533      -1.077       0.859
716         20.6       1.618       0.688       0.246
717         82.6       1.143       0.486       0.313
718         11.9       0.376       0.160       0.436
719         13.6      -0.325      -0.138       0.555
720         24.2       2.515       1.069       0.142
721         30.9       3.257       1.385       0.083
722         20.3      -0.452      -0.192       0.576
723         34.1       2.918       1.240       0.107
724         11.4       2.787       1.185       0.118
725         15.0       2.215       0.942       0.173
726         14.2      -0.537      -0.228       0.590
727          8.7      -2.808      -1.194       0.884
728         35.8      -0.752      -0.320       0.625
729         13.8      -1.003      -0.426       0.665
730         11.7      -1.752      -0.745       0.772
731          9.8      -3.766      -1.601       0.945
732         88.3       1.064       0.453       0.325
735         25.6       2.730       1.161       0.123
736         19.3      -1.267      -0.539       0.705
737         19.1       0.552       0.235       0.407
738         18.9       2.942       1.251       0.105
739         57.6       7.544       3.207       0.001
740         62.7      -0.140      -0.059       0.524
741         58.1       2.716       1.155       0.124
742         29.5       3.975       1.690       0.046
744         33.3       0.333       0.142       0.444
745         11.0       0.030       0.013       0.495
746         18.2      -1.530      -0.651       0.742
747         11.0       0.547       0.233       0.408
748         10.8       0.483       0.205       0.419
749         16.1      -1.639      -0.697       0.757
750         12.7       0.351       0.149       0.441
751         20.6      -0.902      -0.383       0.649
752         13.1      -2.160      -0.918       0.821
753         19.7      -0.269      -0.114       0.545
754         10.8      -0.608      -0.259       0.602
755         13.4      -1.110      -0.472       0.682
756         24.8      -0.532      -0.226       0.590
757         11.7      -0.257      -0.109       0.544
758         12.9      -2.058      -0.875       0.809
759          4.7      -3.147      -1.338       0.910
760          5.9      -0.686      -0.292       0.615
761         12.9      -0.259      -0.110       0.544

#====================================================

